C51 COMPILER V9.54   MAIN                                                                  03/29/2025 12:24:52 PAGE 1   


C51 COMPILER V9.54, COMPILATION OF MODULE MAIN
OBJECT MODULE PLACED IN .\Objects\main.obj
COMPILER INVOKED BY: D:\Keil51\C51\BIN\C51.EXE main.c OPTIMIZE(8,SPEED) BROWSE DEBUG OBJECTEXTEND PRINT(.\Listings\main.
                    -lst) OBJECT(.\Objects\main.obj)

line level    source

   1          #include <REGX52.H>
   2          #include "Delay.h"
   3          #include "UART.h"
   4          #include "Nixie.h"
   5          
   6          void main()
   7          {
   8   1              UART_Init();
   9   1      //      UART_SendByte('B');//文本模式显示
  10   1      //      UART_SendByte(0x42);//HEX模式显示
  11   1              Nixie(1,0);
  12   1      
  13   1              while(1)
  14   1              {
  15   2                      
  16   2              }
  17   1      }
  18          
  19          void UART_Routine() interrupt 4//串口中断号
  20          {
  21   1               if(RI==1)//如果是接受中断
  22   1               {
  23   2                       RI=0;//中断后软件清零            
  24   2                       Nixie(1,SBUF);
  25   2              //串口控制LED
  26   2      //               P2=SBUF;//P2=读取中断数据
  27   2      //               UART_SendByte(SBUF);
  28   2               }
  29   1      }


MODULE INFORMATION:   STATIC OVERLAYABLE
   CODE SIZE        =     85    ----
   CONSTANT SIZE    =   ----    ----
   XDATA SIZE       =   ----    ----
   PDATA SIZE       =   ----    ----
   DATA SIZE        =   ----    ----
   IDATA SIZE       =   ----    ----
   BIT SIZE         =   ----    ----
END OF MODULE INFORMATION.


C51 COMPILATION COMPLETE.  0 WARNING(S),  0 ERROR(S)
