C51 COMPILER V9.54   UART                                                                  03/21/2025 13:35:29 PAGE 1   


C51 COMPILER V9.54, COMPILATION OF MODULE UART
OBJECT MODULE PLACED IN .\Objects\UART.obj
COMPILER INVOKED BY: D:\Keil51\C51\BIN\C51.EXE UART.c OPTIMIZE(8,SPEED) BROWSE DEBUG OBJECTEXTEND PRINT(.\Listings\UART.
                    -lst) OBJECT(.\Objects\UART.obj)

line level    source

   1          #include <REGX52.H>
   2          
   3          
   4          /**
   5            * @brief  串口初始化，4800bps@11.0592MHz
   6            * @param  无
   7            * @retval 无
   8            */
   9          
  10          void UART_Init()        
  11          {
  12   1              SCON=0x50;                      //串行控制寄存器（50接收，40发送）
  13   1              PCON |= 0x80;           //使能波特率倍速位SMOD
  14   1              
  15   1              TMOD &= 0x0F;           //配置定时器1，左边，设置定时器模式
  16   1              TMOD |= 0x20;           //0010自动重装 设置定时器模式
  17   1      //波特率计算器，波特率加倍，8位数据，8位自动重装，12T
  18   1              TL1 = 0xF4;             //设定定时初值
  19   1              TH1 = 0xF4;             //设定定时器重装值
  20   1              ET1 = 0;                //禁止定时器1中断
  21   1              TR1 = 1;                //启动定时器1
  22   1              EA=1;           //使能中断
  23   1              ES=1;           //串口中断
  24   1      }
  25          
  26          /**
  27            * @brief  串口发送一个字节数据
  28            * @param  Byte 要发送的一个字节数据
  29            * @retval 无
  30            */
  31          
  32          void UART_SendByte(unsigned char Byte)//发送字节
  33          {
  34   1              SBUF=Byte;//写入SBUF即发送
  35   1              while(TI==0);//检测是否完成（T1中断标志位，是否完成，软件清零）
  36   1              TI=0;
  37   1      }
  38          
  39          /*串口中断函数模板
  40          void UART_Routine() interrupt 4//串口中断号
  41          {
  42                   if(RI==1)//如果是接受中断
  43                   {
  44                           
  45                           RI=0;//中断后软件清零
  46                   }
  47          }
  48          */


MODULE INFORMATION:   STATIC OVERLAYABLE
   CODE SIZE        =     35    ----
   CONSTANT SIZE    =   ----    ----
   XDATA SIZE       =   ----    ----
C51 COMPILER V9.54   UART                                                                  03/21/2025 13:35:29 PAGE 2   

   PDATA SIZE       =   ----    ----
   DATA SIZE        =   ----    ----
   IDATA SIZE       =   ----    ----
   BIT SIZE         =   ----    ----
END OF MODULE INFORMATION.


C51 COMPILATION COMPLETE.  0 WARNING(S),  0 ERROR(S)
