C51 COMPILER V9.54   MAIN                                                                  03/18/2025 17:24:10 PAGE 1   


C51 COMPILER V9.54, COMPILATION OF MODULE MAIN
OBJECT MODULE PLACED IN .\Objects\main.obj
COMPILER INVOKED BY: D:\Keil51\C51\BIN\C51.EXE main.c OPTIMIZE(8,SPEED) BROWSE DEBUG OBJECTEXTEND PRINT(.\Listings\main.
                    -lst) OBJECT(.\Objects\main.obj)

line level    source

   1          #include <REGX52.H>
   2          #include "Timer0.h"
   3          #include "Key.h"
   4          #include <INTRINS.H>
   5          
   6          unsigned char KeyNum=0,LEDMode;
   7          void main()
   8          {
   9   1              P2=0xFE;//点亮最低位LED
  10   1              Timer0Init();
  11   1              while(1)
  12   1              {
  13   2                      KeyNum=Key();
  14   2                      if(KeyNum)
  15   2                      {
  16   3                              if(KeyNum==1)
  17   3                              {
  18   4                                      LEDMode++;
  19   4                                      if(LEDMode>=2)LEDMode=0;
  20   4                              }
  21   3                              
  22   3                      }
  23   2              }
  24   1      }
  25          
  26          
  27          
  28          
  29          void Timer0_Routine() interrupt 1
  30          {
  31   1              static unsigned int T0count;
  32   1              //定时器中断
  33   1              TL0 = 0x66;             //设置定时初值
  34   1              TH0 = 0xFC;             //设置定时初值
  35   1              T0count++;
  36   1              if(T0count>=500)
  37   1              {
  38   2                      T0count=0;
  39   2                      if(LEDMode==0)
  40   2                              P2=_crol_(P2,1);
  41   2                      if(LEDMode==1)
  42   2                              P2=_cror_(P2,1);
  43   2                      
  44   2                      
  45   2              }
  46   1      }


MODULE INFORMATION:   STATIC OVERLAYABLE
   CODE SIZE        =    116    ----
   CONSTANT SIZE    =   ----    ----
   XDATA SIZE       =   ----    ----
   PDATA SIZE       =   ----    ----
   DATA SIZE        =      4    ----
C51 COMPILER V9.54   MAIN                                                                  03/18/2025 17:24:10 PAGE 2   

   IDATA SIZE       =   ----    ----
   BIT SIZE         =   ----    ----
END OF MODULE INFORMATION.


C51 COMPILATION COMPLETE.  0 WARNING(S),  0 ERROR(S)
