C51 COMPILER V9.54   MAIN                                                                  03/21/2025 23:15:56 PAGE 1   


C51 COMPILER V9.54, COMPILATION OF MODULE MAIN
OBJECT MODULE PLACED IN .\Objects\main.obj
COMPILER INVOKED BY: D:\Keil51\C51\BIN\C51.EXE main.c OPTIMIZE(8,SPEED) BROWSE DEBUG OBJECTEXTEND PRINT(.\Listings\main.
                    -lst) OBJECT(.\Objects\main.obj)

line level    source

   1          #include <REGX52.H>
   2          #include "Key.h"
   3          #include "Delay.h"
   4          
   5          
   6          unsigned char NixieTable[]={0x3F,0x06,0x5B,0x4F,0x66,0x6D,0x7D,0x07,0x7F,0x6F};
   7          //定义单个数码管显示数字
   8          
   9          void Nixie(unsigned char Location,Number)
  10          {
  11   1              switch(Location)//定义三个银脚选择第几个数码管
  12   1              {       
  13   2                      case 1:P2_4=1;P2_3=1;P2_2=1;break;
  14   2                      case 2:P2_4=1;P2_3=1;P2_2=0;break;
  15   2                      case 3:P2_4=1;P2_3=0;P2_2=1;break;
  16   2                      case 4:P2_4=1;P2_3=0;P2_2=0;break;
  17   2                      case 5:P2_4=0;P2_3=1;P2_2=1;break;
  18   2                      case 6:P2_4=0;P2_3=1;P2_2=0;break;
  19   2                      case 7:P2_4=0;P2_3=0;P2_2=1;break;
  20   2                      case 8:P2_4=0;P2_3=0;P2_2=0;break;
  21   2              }
  22   1              P0=NixieTable[Number];
  23   1              Delay(1);
  24   1              P0=0x00;
  25   1      }
  26          
  27          
  28          unsigned int a=0,b=0,Keynum;
  29          void main()
  30          {       
  31   1              while(1)
  32   1              {
  33   2                      Nixie(1,a);
  34   2                      Nixie(2,b);
  35   2                      Keynum=Key();
  36   2                      if(Keynum==1)
  37   2                      {
  38   3                              if(b==9)
  39   3                              {
  40   4                                      a++;
  41   4                                      b=0;
  42   4                              }
  43   3                              else
  44   3                              {
  45   4                                      ++b;
  46   4                              }
  47   3                              Delay(1);
  48   3                      }
  49   2                      
  50   2              }
  51   1      
  52   1      
  53   1      
  54   1      }
C51 COMPILER V9.54   MAIN                                                                  03/21/2025 23:15:56 PAGE 2   



MODULE INFORMATION:   STATIC OVERLAYABLE
   CODE SIZE        =    183    ----
   CONSTANT SIZE    =   ----    ----
   XDATA SIZE       =   ----    ----
   PDATA SIZE       =   ----    ----
   DATA SIZE        =     16    ----
   IDATA SIZE       =   ----    ----
   BIT SIZE         =   ----    ----
END OF MODULE INFORMATION.


C51 COMPILATION COMPLETE.  0 WARNING(S),  0 ERROR(S)
