C51 COMPILER V9.54   UART                                                                  03/20/2025 21:56:14 PAGE 1   


C51 COMPILER V9.54, COMPILATION OF MODULE UART
OBJECT MODULE PLACED IN .\Objects\UART.obj
COMPILER INVOKED BY: D:\Keil51\C51\BIN\C51.EXE UART.c OPTIMIZE(8,SPEED) BROWSE DEBUG OBJECTEXTEND PRINT(.\Listings\UART.
                    -lst) OBJECT(.\Objects\UART.obj)

line level    source

   1          #include <REGX52.H>
   2          #include "Delay.h"
   3          
   4          
   5          /**
   6            * @brief  串口初始化，4800bps@11.0592MHz
   7            * @param  无
   8            * @retval 无
   9            */
  10          
  11          void UART_Init()        
  12          {
  13   1              SCON=0x40;                      //串行控制寄存器
  14   1              PCON |= 0x80;           //使能波特率倍速位SMOD
  15   1              
  16   1              TMOD &= 0x0F;           //配置定时器1，左边，设置定时器模式
  17   1              TMOD |= 0x20;           //0010自动重装 设置定时器模式
  18   1      //波特率计算器，波特率加倍，8位数据，8位自动重装，12T
  19   1              TL1 = 0xF4;             //设定定时初值
  20   1              TH1 = 0xF4;             //设定定时器重装值
  21   1              ET1 = 0;                //禁止定时器1中断
  22   1              TR1 = 1;                //启动定时器1
  23   1      
  24   1      }
  25          
  26          /**
  27            * @brief  串口发送一个字节数据
  28            * @param  Byte 要发送的一个字节数据
  29            * @retval 无
  30            */
  31          
  32          void UART_SendByte(unsigned char Byte)//发送字节
  33          {
  34   1              SBUF=Byte;//写入SBUF即发送
  35   1              while(TI==0);//检测是否完成（T1中断标志位，是否完成，软件清零）
  36   1              TI=0;
  37   1      }


MODULE INFORMATION:   STATIC OVERLAYABLE
   CODE SIZE        =     31    ----
   CONSTANT SIZE    =   ----    ----
   XDATA SIZE       =   ----    ----
   PDATA SIZE       =   ----    ----
   DATA SIZE        =   ----    ----
   IDATA SIZE       =   ----    ----
   BIT SIZE         =   ----    ----
END OF MODULE INFORMATION.


C51 COMPILATION COMPLETE.  0 WARNING(S),  0 ERROR(S)
