C51 COMPILER V9.54   MAIN                                                                  03/21/2025 22:42:47 PAGE 1   


C51 COMPILER V9.54, COMPILATION OF MODULE MAIN
OBJECT MODULE PLACED IN .\Objects\main.obj
COMPILER INVOKED BY: D:\Keil51\C51\BIN\C51.EXE main.c OPTIMIZE(8,SPEED) BROWSE DEBUG OBJECTEXTEND PRINT(.\Listings\main.
                    -lst) OBJECT(.\Objects\main.obj)

line level    source

   1          #include <REGX52.H>
   2          #include "Delay.h"
   3          #include "MatrixLED.h"
   4          
   5          unsigned char code Animation[]={//放flash不能更改
   6                  //QG666
   7                  0x00,0x00,0x00,0x00,0x00,0x00,0x00,0x00,
   8                  0x3C,0x42,0x42,0x46,0x3E,0x01,0x3C,0x42,
   9                  0x42,0x4A,0x0C,0x00,0x00,0x7C,0x92,0x12,
  10                  0x0C,0x00,0x7C,0x92,0x12,0x0C,0x00,0x7C,
  11                  0x92,0x12,0x0C,0x00,0x00,0x00,0x00,0x00,
  12                  0x00,0x00,0x00,0x00,0x00,0x00,0x00,0x00,
  13                  
  14                  //哥哥跳舞
  15          //      0x08,0x13,0x24,0xF8,0xFE,0x21,0x26,0x16,
  16          //      0x00,0x1B,0x24,0xFB,0xFB,0x24,0x37,0x00,
  17          //      0x16,0x26,0x21,0xFE,0xF8,0x24,0x13,0x08,
  18          //      0x00,0x37,0x24,0xFB,0xFB,0x24,0x1B,0x00
  19                  //xt kisskiss
  20          //      0x00,0x00,0x00,0x00,0x00,0x00,0x00,0x00,
  21          //      0x00,0x44,0x28,0x10,0x28,0x44,0x00,0x40,
  22          //      0x7C,0x40,0x40,0x00,0x00,0x7C,0x18,0x24,
  23          //      0x00,0x5C,0x00,0x24,0x54,0x48,0x00,0x24,
  24          //      0x54,0x48,0x00,0x7C,0x18,0x24,0x00,0x5C,
  25          //      0x00,0x24,0x54,0x48,0x00,0x24,0x54,0x48,
  26          //      0x00,0x00,0x00,0x00,0x00,0x00,0x00,0x00
  27          };
  28          
  29          void main()
  30          {
  31   1              unsigned char i,Offset,Count=0;
  32   1              MatrixLED_Init();
  33   1              while(1)
  34   1              {
  35   2                      for(i=0;i<8;i++)
  36   2                      {
  37   3                              MatrixLED_ShowColumn(i,Animation[i+Offset]);
  38   3                      }
  39   2                      Count++;
  40   2                      if(Count>10)
  41   2                      {
  42   3                              Count=0;
  43   3                              Offset++;
  44   3                              if(Offset>40)
  45   3                              {
  46   4                                      Offset=0;
  47   4                              }
  48   3                      }
  49   2      
  50   2              }
  51   1      }


MODULE INFORMATION:   STATIC OVERLAYABLE
C51 COMPILER V9.54   MAIN                                                                  03/21/2025 22:42:47 PAGE 2   

   CODE SIZE        =     60    ----
   CONSTANT SIZE    =     48    ----
   XDATA SIZE       =   ----    ----
   PDATA SIZE       =   ----    ----
   DATA SIZE        =   ----       3
   IDATA SIZE       =   ----    ----
   BIT SIZE         =   ----    ----
END OF MODULE INFORMATION.


C51 COMPILATION COMPLETE.  0 WARNING(S),  0 ERROR(S)
