C51 COMPILER V9.54   MATRIXLED                                                             03/21/2025 22:42:47 PAGE 1   


C51 COMPILER V9.54, COMPILATION OF MODULE MATRIXLED
OBJECT MODULE PLACED IN .\Objects\MatrixLED.obj
COMPILER INVOKED BY: D:\Keil51\C51\BIN\C51.EXE MatrixLED.c OPTIMIZE(8,SPEED) BROWSE DEBUG OBJECTEXTEND PRINT(.\Listings\
                    -MatrixLED.lst) OBJECT(.\Objects\MatrixLED.obj)

line level    source

   1          #include <REGX52.H>
   2          #include "Delay.h"
   3          
   4          sbit RCK=P3^5;          //RCLK
   5          sbit SCK=P3^6;          //SRCLK
   6          sbit SER=P3^4;          //SER
   7          
   8          #define MATRIX_LED_PORT         P0//行控制
   9          
  10          /**
  11            * @brief  74HC595写入一个字节
  12            * @param  Byte要写入的字节
  13            * @retval 无
  14            */
  15          void _74HC595_WriteByte(unsigned char Byte)
  16          {
  17   1              unsigned char i;
  18   1              for(i=0;i<8;i++)
  19   1              {
  20   2                      SER=Byte&(0x80>>i);     //后面非零即一（赋值给一位）
  21   2                      SCK=1;                  //上成沿移位进去
  22   2                      SCK=0;                  //复位做准备
  23   2              }
  24   1              RCK=1;
  25   1              RCK=0;
  26   1              //循环写法见上表
  27   1      //      SER=Byte&0x80;  //后面非零即一（赋值给一位）
  28   1      //      SCK=1;                  //上成沿移位进去
  29   1      //      SCK=0;                  //复位做准备
  30   1      //      SER=Byte&0x40;  //0100 0000移第二位
  31   1      //      SCK=1;                  
  32   1      //      SCK=0;                  
  33   1      //      SER=Byte&0x20;  //后面非零即一（赋值给一位）
  34   1      //      SCK=1;                  //上成沿移位进去
  35   1      //      SCK=0;                  //复位做准备
  36   1              
  37   1      }
  38                  
  39          /**
  40            * @brief  点阵屏初始化
  41            * @param  无
  42            * @retval 无
  43            */
  44          void MatrixLED_Init()
  45          {
  46   1              SCK=0;          //单片机复位L口都为高电频1
  47   1              RCK=0;
  48   1      }
  49          
  50          /**
  51            * @brief  LED点阵屏显示一列数据
  52            * @param  Column要选择的列，范围0~7，0在最左
  53            * @param  Data选择列显示的数据，高位在上，1为亮
  54            * @retval 无
C51 COMPILER V9.54   MATRIXLED                                                             03/21/2025 22:42:47 PAGE 2   

  55            */
  56          void MatrixLED_ShowColumn(unsigned char Column,Data)//列 断码
  57          {
  58   1              _74HC595_WriteByte(Data);
  59   1              MATRIX_LED_PORT=~(0x80>>Column);//位选
  60   1              Delay(1);
  61   1              P0=0xFF;//位清零
  62   1      }


MODULE INFORMATION:   STATIC OVERLAYABLE
   CODE SIZE        =     84    ----
   CONSTANT SIZE    =   ----    ----
   XDATA SIZE       =   ----    ----
   PDATA SIZE       =   ----    ----
   DATA SIZE        =   ----    ----
   IDATA SIZE       =   ----    ----
   BIT SIZE         =   ----    ----
END OF MODULE INFORMATION.


C51 COMPILATION COMPLETE.  0 WARNING(S),  0 ERROR(S)
