C51 COMPILER V9.54   MAIN                                                                  03/23/2025 16:12:00 PAGE 1   


C51 COMPILER V9.54, COMPILATION OF MODULE MAIN
OBJECT MODULE PLACED IN .\Objects\main.obj
COMPILER INVOKED BY: D:\Keil51\C51\BIN\C51.EXE main.c OPTIMIZE(8,SPEED) BROWSE DEBUG OBJECTEXTEND PRINT(.\Listings\main.
                    -lst) OBJECT(.\Objects\main.obj)

line level    source

   1          #include <REGX52.H>
   2          #include "Delay.h"
   3          #include "Timer0.h"
   4          
   5          //ËúÇÈ∏£Âô®Á´ØÂè£ÂÆö‰πâ
   6          sbit Buzzer=P2^5;
   7          
   8          //Êí≠ÊîæÈÄüÂ∫¶ÔºåÂÄº‰∏∫ÂõõÂàÜÈü≥Á¨¶ÁöÑÊó∂Èïø(ms)
   9          #define SPEED  500
  10          
  11          //Èü≥Á¨¶‰∏éÁ¥¢ÂºïÂØπÂ∫îË°®ÔºåPÔºö‰ºëÊ≠¢Á¨¶ÔºåLÔºö‰ΩéÈü≥ÔºåMÔºö‰∏≠Èü≥ÔºåHÔºöÈ´òÈü≥Ôºå‰∏ãÂàíÁ∫øÔºöÂçáÂçäÈü≥Á
             -¨¶Âè∑#
  12          #define P       0
  13          #define L1      1
  14          #define L1_     2
  15          #define L2      3
  16          #define L2_     4
  17          #define L3      5
  18          #define L4      6
  19          #define L4_     7
  20          #define L5      8
  21          #define L5_     9
  22          #define L6      10
  23          #define L6_     11
  24          #define L7      12
  25          #define M1      13
  26          #define M1_     14
  27          #define M2      15
  28          #define M2_     16
  29          #define M3      17
  30          #define M4      18
  31          #define M4_     19
  32          #define M5      20
  33          #define M5_     21
  34          #define M6      22
  35          #define M6_     23
  36          #define M7      24
  37          #define H1      25
  38          #define H1_     26
  39          #define H2      27
  40          #define H2_     28
  41          #define H3      29
  42          #define H4      30
  43          #define H4_     31
  44          #define H5      32
  45          #define H5_     33
  46          #define H6      34
  47          #define H6_     35
  48          #define H7      36
  49          
  50          
  51          //Á¥¢Âºï‰∏éÈ¢ëÁéáÂØπÁÖßË°®
  52          unsigned int FreqTable[]={
  53                  0,
C51 COMPILER V9.54   MAIN                                                                  03/23/2025 16:12:00 PAGE 2   

  54                  63628,63731,63835,63928,64021,64103,64185,64260,64331,64400,64463,64528,
  55                  64580,64633,64684,64732,64777,64820,64860,64898,64934,64968,65000,65030,
  56                  65058,65085,65110,65134,65157,65178,65198,65217,65235,65252,65268,65283,
  57          };
  58          
  59          
  60          
  61          unsigned char code Music[]={//ÊîæÂú®flashÈáåÈù¢
  62          //      13,4,           //Â∞èÊòüÊòü
  63          //      13,4,
  64          //      20,4,
  65          //      20,4,
  66          //      22,4,
  67          //      22,4,
  68          //      20,4+4,
  69          //      18,4,
  70          //      18,4,
  71          //      17,4,
  72          //      17,4,
  73          //      15,4,
  74          //      15,4,
  75          //      13,4+4,         
  76                  
  77                  //Â§©Á©∫‰πãÂüé
  78                  //1
  79                  P,      4,
  80                  P,      4,
  81                  P,      4,
  82                  M6,     2,
  83                  M7,     2,
  84                  
  85                  H1,     4+2,
  86                  M7,     2,
  87                  H1,     4,
  88                  H3,     4,
  89                  
  90                  M7,     4+4+4,
  91                  M3,     2,
  92                  M3,     2,
  93                  
  94                  //2
  95                  M6,     4+2,
  96                  M5,     2,
  97                  M6, 4,
  98                  H1,     4,
  99                  
 100                  M5,     4+4+4,
 101                  M3,     4,
 102                  
 103                  M4,     4+2,
 104                  M3,     2,
 105                  M4,     4,
 106                  H1,     4,
 107                  
 108                  //3
 109                  M3,     4+4,
 110                  P,      2,
 111                  H1,     2,
 112                  H1,     2,
 113                  H1,     2,
 114                  
 115                  M7,     4+2,
C51 COMPILER V9.54   MAIN                                                                  03/23/2025 16:12:00 PAGE 3   

 116                  M4_,2,
 117                  M4_,4,
 118                  M7,     4,
 119                  
 120                  M7,     8,
 121                  P,      4,
 122                  M6,     2,
 123                  M7,     2,
 124                  
 125                  //4
 126                  H1,     4+2,
 127                  M7,     2,
 128                  H1,     4,
 129                  H3,     4,
 130                  
 131                  M7,     4+4+4,
 132                  M3,     2,
 133                  M3,     2,
 134                  
 135                  M6,     4+2,
 136                  M5,     2,
 137                  M6, 4,
 138                  H1,     4,
 139                  
 140                  //5
 141                  M5,     4+4+4,
 142                  M2,     2,
 143                  M3,     2,
 144                  
 145                  M4,     4,
 146                  H1,     2,
 147                  M7,     2+2,
 148                  H1,     2+4,
 149                  
 150                  H2,     2,
 151                  H2,     2,
 152                  H3,     2,
 153                  H1,     2+4+4,
 154                  
 155                  //6
 156                  H1,     2,
 157                  M7,     2,
 158                  M6,     2,
 159                  M6,     2,
 160                  M7,     4,
 161                  M5_,4,
 162                  
 163                  
 164                  M6,     4+4+4,
 165                  H1,     2,
 166                  H2,     2,
 167                  
 168                  H3,     4+2,
 169                  H2,     2,
 170                  H3,     4,
 171                  H5,     4,
 172                  
 173                  //7
 174                  H2,     4+4+4,
 175                  M5,     2,
 176                  M5,     2,
 177                  
C51 COMPILER V9.54   MAIN                                                                  03/23/2025 16:12:00 PAGE 4   

 178                  H1,     4+2,
 179                  M7,     2,
 180                  H1,     4,
 181                  H3,     4,
 182                  
 183                  H3,     4+4+4+4,
 184                  
 185                  //8
 186                  M6,     2,
 187                  M7,     2,
 188                  H1,     4,
 189                  M7,     4,
 190                  H2,     2,
 191                  H2,     2,
 192                  
 193                  H1,     4+2,
 194                  M5,     2+4+4,
 195                  
 196                  H4,     4,
 197                  H3,     4,
 198                  H3,     4,
 199                  H1,     4,
 200                  
 201                  //9
 202                  H3,     4+4+4,
 203                  H3,     4,
 204                  
 205                  H6,     4+4,
 206                  H5,     4,
 207                  H5,     4,
 208                  
 209                  H3,     2,
 210                  H2,     2,
 211                  H1,     4+4,
 212                  P,      2,
 213                  H1,     2,
 214                  
 215                  //10
 216                  H2,     4,
 217                  H1,     2,
 218                  H2,     2,
 219                  H2,     4,
 220                  H5,     4,
 221                  
 222                  H3,     4+4+4,
 223                  H3,     4,
 224                  
 225                  H6,     4+4,
 226                  H5,     4+4,
 227                  
 228                  //11
 229                  H3,     2,
 230                  H2,     2,
 231                  H1,     4+4,
 232                  P,      2,
 233                  H1,     2,
 234                  
 235                  H2,     4,
 236                  H1,     2,
 237                  H2,     2+4,
 238                  M7,     4,
 239                  
C51 COMPILER V9.54   MAIN                                                                  03/23/2025 16:12:00 PAGE 5   

 240                  M6,     4+4+4,
 241                  P,      4,
 242                  
 243                  
 244                  
 245                  0xFF//‰∏≠Ê≠¢ÂÄº
 246          };
 247          
 248          unsigned char FreqSelect,MusicSelect;//Èü≥Ë∞ÉÂèñÔºåÈü≥‰πêÂèñ
 249          
 250          void main()
 251          {               
 252   1              Timer0Init();
 253   1              while(1)
 254   1              {
 255   2                      if(Music[MusicSelect]!=0xFF)    //Â¶ÇÊûú‰∏çÊòØÂÅúÊ≠¢Ê†áÂøó‰Ωç           
 256   2                      {
 257   3                              FreqSelect=Music[MusicSelect];//ÈÄâÊã©Èü≥Á¨¶ÂØπÂ∫îÁöÑÈ¢ëÁéá
 258   3                              MusicSelect++;
 259   3                              Delay(SPEED/4*Music[MusicSelect]);//ÈÄâÊã©Èü≥Á¨¶ÂØπÂ∫îÁöÑÊó∂ÂÄº
 260   3                              MusicSelect++;
 261   3                              TR0=0;
 262   3                              Delay(5);//Èü≥Á¨¶Èó¥Áü≠ÊöÇÂÅúÈ°ø
 263   3                              TR0=1;  
 264   3                      }
 265   2                      else{//Â¶ÇÊûúÊòØÂÅúÊ≠¢Ê†áÂøó‰Ωç
 266   3                              TR0=0;
 267   3                              while(1);
 268   3                      }
 269   2              }
 270   1              
 271   1      }
 272          
 273          void Timer0_Routine() interrupt 1
 274          {
 275   1              if(FreqTable[MusicSelect])//Â¶ÇÊûú‰∏çÊòØ‰ºëÊ≠¢Á¨¶
 276   1              {
 277   2                      /*ÂèñÂØπÂ∫îÈ¢ëÁéáÂÄºÁöÑÈáçË£ÖËΩΩÂÄºÂà∞ÂÆöÊó∂Âô®*/
 278   2                      TL0 = FreqTable[FreqSelect]%256;        //ËÆæÁΩÆÂÆöÊó∂ÂàùÂÄº
 279   2                      TH0 = FreqTable[FreqSelect]/256;        //ËÆæÁΩÆÂÆöÊó∂ÂàùÂÄº
 280   2                      Buzzer=!Buzzer;         //ÁøªËΩ¨ËúÇÈ∏£Âô®IOÂè£
 281   2              }
 282   1      
 283   1      }


MODULE INFORMATION:   STATIC OVERLAYABLE
   CODE SIZE        =    101    ----
   CONSTANT SIZE    =    241    ----
   XDATA SIZE       =   ----    ----
   PDATA SIZE       =   ----    ----
   DATA SIZE        =     76    ----
   IDATA SIZE       =   ----    ----
   BIT SIZE         =   ----    ----
END OF MODULE INFORMATION.


C51 COMPILATION COMPLETE.  0 WARNING(S),  0 ERROR(S)
