C51 COMPILER V9.54   MAIN                                                                  03/29/2025 10:47:48 PAGE 1   


C51 COMPILER V9.54, COMPILATION OF MODULE MAIN
OBJECT MODULE PLACED IN .\Objects\main.obj
COMPILER INVOKED BY: D:\Keil51\C51\BIN\C51.EXE main.c OPTIMIZE(8,SPEED) BROWSE DEBUG OBJECTEXTEND PRINT(.\Listings\main.
                    -lst) OBJECT(.\Objects\main.obj)

line level    source

   1          #include <REGX52.H>
   2          #include "Timer0.h"
   3          #include "Key.h"
   4          #include <INTRINS.H>
   5          
   6          unsigned char KeyNum=0,LEDMode;
   7          
   8          void main()
   9          {
  10   1      //      P2_0=0;
  11   1              P2=0xFE;//点亮最低位LED
  12   1              Timer0Init();//初始化定时器
  13   1              while(1)
  14   1              {
  15   2                      KeyNum=Key();
  16   2                      if(KeyNum)
  17   2                      {
  18   3                              if(KeyNum==1)
  19   3                              {
  20   4                                      LEDMode++;
  21   4                                      if(LEDMode>=2)LEDMode=0;
  22   4                              }                       
  23   3                      }
  24   2              }
  25   1      }
  26          
  27          
  28          
  29          
  30          void Timer0_Routine() interrupt 1
  31          {
  32   1              static unsigned int T0count;
  33   1              //定时器中断
  34   1              TL0 = 0x66;             //设置定时初值
  35   1              TH0 = 0xFC;             //设置定时初值
  36   1              T0count++;
  37   1              if(T0count>=1000)
  38   1              {
  39   2                      T0count=0;
  40   2      //              P2_0=!P2_0;
  41   2                      if(LEDMode==0)
  42   2                              P2=_crol_(P2,1);//循环左移
  43   2                      if(LEDMode==1)
  44   2                              P2=_cror_(P2,1);//循环右移
  45   2                      
  46   2                      
  47   2              }
  48   1      }


MODULE INFORMATION:   STATIC OVERLAYABLE
   CODE SIZE        =    116    ----
   CONSTANT SIZE    =   ----    ----
   XDATA SIZE       =   ----    ----
C51 COMPILER V9.54   MAIN                                                                  03/29/2025 10:47:48 PAGE 2   

   PDATA SIZE       =   ----    ----
   DATA SIZE        =      4    ----
   IDATA SIZE       =   ----    ----
   BIT SIZE         =   ----    ----
END OF MODULE INFORMATION.


C51 COMPILATION COMPLETE.  0 WARNING(S),  0 ERROR(S)
